<?xml version="1.0" encoding="UTF-8"?>
<!-- Generated by org.testng.reporters.JUnitReportReporter -->
<testsuite hostname="Pranab" name="tests.Test1" tests="1" failures="0" timestamp="25 Mar 2019 00:04:58 GMT" time="27.991" errors="0">
  <testcase name="get_Asia_Headlenes" time="27.991" classname="tests.Test1"/>
</testsuite> <!-- tests.Test1 -->
